<?xml version="1.0" encoding="UTF-8"?>
<!-- Generated by org.testng.reporters.JUnitXMLReporter -->
<testsuite ignored="0" hostname="DESKTOP-0NHL1KD" failures="1" tests="1" name="Command line test" time="24.122" errors="0" timestamp="2022-08-28T21:06:10 IST">
  <testcase classname="io.cucumber.testng.AbstractTestNGCucumberTests" name="runScenario" time="23.094">
    <failure type="org.junit.ComparisonFailure" message="expected:&amp;lt;[vacation]&amp;gt; but was:&amp;lt;[]&amp;gt;">
      <![CDATA[org.junit.ComparisonFailure: expected:<[vacation]> but was:<[]>
at org.junit.Assert.assertEquals(Assert.java:115)
at org.junit.Assert.assertEquals(Assert.java:144)
at StepDefinations.Blaze.user_verifies_that_the_url_has_string_vacation(Blaze.java:49)
at ✽.user verifies that the url has string vacation(file:///C:/Users/pc/eclipse-workspace/Blazedemo/src/test/java/Features/Blaze.feature:9)
]]>
    </failure>
  </testcase> <!-- runScenario -->
</testsuite> <!-- Command line test -->
