<?xml version="1.0" encoding="UTF-8"?>
<testng-results ignored="0" total="1" passed="0" failed="1" skipped="0">
  <reporter-output>
  </reporter-output>
  <suite started-at="2022-08-28T21:05:46 IST" name="Test1.Blazedemo.TestNGTestRunner" finished-at="2022-08-28T21:06:10 IST" duration-ms="24122">
    <groups>
      <group name="cucumber">
        <method signature="AbstractTestNGCucumberTests.runScenario(io.cucumber.testng.PickleWrapper,io.cucumber.testng.FeatureWrapper)[pri:0, instance:Test1.Blazedemo.TestNGTestRunner@6646153]" name="runScenario" class="io.cucumber.testng.AbstractTestNGCucumberTests"/>
      </group> <!-- cucumber -->
    </groups>
    <test started-at="2022-08-28T21:05:46 IST" name="Command line test" finished-at="2022-08-28T21:06:10 IST" duration-ms="24122">
      <class name="Test1.Blazedemo.TestNGTestRunner">
        <test-method is-config="true" signature="setUpClass(org.testng.ITestContext)[pri:0, instance:Test1.Blazedemo.TestNGTestRunner@6646153]" started-at="2022-08-28T21:05:46 IST" name="setUpClass" finished-at="2022-08-28T21:05:47 IST" duration-ms="848" status="PASS">
          <params>
            <param index="0">
              <value>
                <![CDATA[org.testng.TestRunner@363a3d15]]>
              </value>
            </param>
          </params>
          <reporter-output>
          </reporter-output>
        </test-method> <!-- setUpClass -->
        <test-method signature="runScenario(io.cucumber.testng.PickleWrapper,io.cucumber.testng.FeatureWrapper)[pri:0, instance:Test1.Blazedemo.TestNGTestRunner@6646153]" started-at="2022-08-28T21:05:47 IST" name="runScenario" description="Runs Cucumber Scenarios" data-provider="scenarios" finished-at="2022-08-28T21:06:10 IST" duration-ms="23094" status="FAIL">
          <params>
            <param index="0">
              <value>
                <![CDATA["Verify Blazedemo page opened in browser and user is able to purchase ticket"]]>
              </value>
            </param>
            <param index="1">
              <value>
                <![CDATA["Blaze"]]>
              </value>
            </param>
          </params>
          <exception class="org.junit.ComparisonFailure">
            <message>
              <![CDATA[expected:<[vacation]> but was:<[]>]]>
            </message>
            <full-stacktrace>
              <![CDATA[org.junit.ComparisonFailure: expected:<[vacation]> but was:<[]>
at org.junit.Assert.assertEquals(Assert.java:115)
at org.junit.Assert.assertEquals(Assert.java:144)
at StepDefinations.Blaze.user_verifies_that_the_url_has_string_vacation(Blaze.java:49)
at ✽.user verifies that the url has string vacation(file:///C:/Users/pc/eclipse-workspace/Blazedemo/src/test/java/Features/Blaze.feature:9)
]]>
            </full-stacktrace>
          </exception> <!-- org.junit.ComparisonFailure -->
          <reporter-output>
          </reporter-output>
        </test-method> <!-- runScenario -->
        <test-method is-config="true" signature="tearDownClass()[pri:0, instance:Test1.Blazedemo.TestNGTestRunner@6646153]" started-at="2022-08-28T21:06:10 IST" name="tearDownClass" finished-at="2022-08-28T21:06:10 IST" duration-ms="27" status="PASS">
          <reporter-output>
          </reporter-output>
        </test-method> <!-- tearDownClass -->
      </class> <!-- Test1.Blazedemo.TestNGTestRunner -->
    </test> <!-- Command line test -->
  </suite> <!-- Test1.Blazedemo.TestNGTestRunner -->
</testng-results>
