<?xml version="1.0" encoding="UTF-8"?>
<testng-results ignored="0" total="1" passed="0" failed="1" skipped="0">
  <reporter-output>
  </reporter-output>
  <suite started-at="2022-08-25T19:52:43 IST" name="Default suite" finished-at="2022-08-25T19:53:43 IST" duration-ms="60357">
    <groups>
      <group name="cucumber">
        <method signature="AbstractTestNGCucumberTests.runScenario(io.cucumber.testng.PickleWrapper,io.cucumber.testng.FeatureWrapper)[pri:0, instance:Test1.Blazedemo.TestNGTestRunner@6e9175d8]" name="runScenario" class="io.cucumber.testng.AbstractTestNGCucumberTests"/>
      </group> <!-- cucumber -->
    </groups>
    <test started-at="2022-08-25T19:52:43 IST" name="Default test" finished-at="2022-08-25T19:53:43 IST" duration-ms="60357">
      <class name="Test1.Blazedemo.TestNGTestRunner">
        <test-method is-config="true" signature="setUpClass(org.testng.ITestContext)[pri:0, instance:Test1.Blazedemo.TestNGTestRunner@6e9175d8]" started-at="2022-08-25T19:52:43 IST" name="setUpClass" finished-at="2022-08-25T19:52:44 IST" duration-ms="910" status="PASS">
          <params>
            <param index="0">
              <value>
                <![CDATA[org.testng.TestRunner@2f4c2cd4]]>
              </value>
            </param>
          </params>
          <reporter-output>
          </reporter-output>
        </test-method> <!-- setUpClass -->
        <test-method signature="runScenario(io.cucumber.testng.PickleWrapper,io.cucumber.testng.FeatureWrapper)[pri:0, instance:Test1.Blazedemo.TestNGTestRunner@6e9175d8]" started-at="2022-08-25T19:52:44 IST" name="runScenario" description="Runs Cucumber Scenarios" data-provider="scenarios" finished-at="2022-08-25T19:53:43 IST" duration-ms="59348" status="FAIL">
          <params>
            <param index="0">
              <value>
                <![CDATA["Verify Blazedemo page opened in browser and user is able to purchase ticket"]]>
              </value>
            </param>
            <param index="1">
              <value>
                <![CDATA["Blaze"]]>
              </value>
            </param>
          </params>
          <exception class="java.util.NoSuchElementException">
            <full-stacktrace>
              <![CDATA[java.util.NoSuchElementException
at java.base/java.util.LinkedHashMap$LinkedHashIterator.nextNode(LinkedHashMap.java:758)
at java.base/java.util.LinkedHashMap$LinkedKeyIterator.next(LinkedHashMap.java:778)
at StepDefinations.Blaze.user_verifies_that_the_url_has_string_vacation(Blaze.java:46)
at ✽.user verifies that the url has string vacation(file:///C:/Users/pc/eclipse-workspace/Blazedemo/src/test/java/Features/Blaze.feature:9)
]]>
            </full-stacktrace>
          </exception> <!-- java.util.NoSuchElementException -->
          <reporter-output>
          </reporter-output>
        </test-method> <!-- runScenario -->
        <test-method is-config="true" signature="tearDownClass()[pri:0, instance:Test1.Blazedemo.TestNGTestRunner@6e9175d8]" started-at="2022-08-25T19:53:43 IST" name="tearDownClass" finished-at="2022-08-25T19:53:43 IST" duration-ms="10" status="PASS">
          <reporter-output>
          </reporter-output>
        </test-method> <!-- tearDownClass -->
      </class> <!-- Test1.Blazedemo.TestNGTestRunner -->
    </test> <!-- Default test -->
  </suite> <!-- Default suite -->
</testng-results>
