<?xml version="1.0" encoding="UTF-8"?>
<!-- Generated by org.testng.reporters.JUnitReportReporter -->
<testsuite hostname="DESKTOP-0NHL1KD" failures="0" tests="1" name="Test1.Blazedemo.TestNGTestRunner" time="59.348" errors="1" timestamp="2022-08-25T19:53:44 IST" skipped="0">
  <testcase classname="Test1.Blazedemo.TestNGTestRunner" name="runScenario" time="59.348">
    <error type="java.util.NoSuchElementException">
      <![CDATA[java.util.NoSuchElementException
at java.base/java.util.LinkedHashMap$LinkedHashIterator.nextNode(LinkedHashMap.java:758)
at java.base/java.util.LinkedHashMap$LinkedKeyIterator.next(LinkedHashMap.java:778)
at StepDefinations.Blaze.user_verifies_that_the_url_has_string_vacation(Blaze.java:46)
at ✽.user verifies that the url has string vacation(file:///C:/Users/pc/eclipse-workspace/Blazedemo/src/test/java/Features/Blaze.feature:9)
]]>
    </error>
  </testcase> <!-- runScenario -->
  <system-out/>
</testsuite> <!-- Test1.Blazedemo.TestNGTestRunner -->
