<?xml version="1.0" encoding="UTF-8"?>
<!-- Generated by org.testng.reporters.JUnitReportReporter -->
<testsuite hostname="DESKTOP-0NHL1KD" failures="1" tests="1" name="Test1.Blazedemo.TestNGTestRunner" time="23.094" errors="0" timestamp="2022-08-28T21:06:11 IST" skipped="0">
  <testcase classname="Test1.Blazedemo.TestNGTestRunner" name="runScenario" time="23.094">
    <failure message="expected:&lt;[vacation]&gt; but was:&lt;[]&gt;" type="org.junit.ComparisonFailure">
      <![CDATA[org.junit.ComparisonFailure: expected:<[vacation]> but was:<[]>
at org.junit.Assert.assertEquals(Assert.java:115)
at org.junit.Assert.assertEquals(Assert.java:144)
at StepDefinations.Blaze.user_verifies_that_the_url_has_string_vacation(Blaze.java:49)
at ✽.user verifies that the url has string vacation(file:///C:/Users/pc/eclipse-workspace/Blazedemo/src/test/java/Features/Blaze.feature:9)
]]>
    </failure>
  </testcase> <!-- runScenario -->
  <system-out/>
</testsuite> <!-- Test1.Blazedemo.TestNGTestRunner -->
